// 同步 ID: 9c70b898 @ Mon Jun 22 17:41:42 UTC 2026
// 同步 ID: d504bec2 @ Wed Jun 24 11:02:37 UTC 2026
// 同步 ID: f29e4079 @ Thu Jun 25 11:20:24 UTC 2026
// 重构日志: 14c2353d
// 重构日志: 214155d7
// 重构日志: ccab570d
// 同步 ID: 4ccc1a31 @ Sat Jun 27 15:08:16 UTC 2026
// 重构日志: 7f3498f2
// 同步 ID: c860f183 @ Mon Jun 29 00:32:59 UTC 2026
// 同步 ID: e32bf47a @ Sat Jul  4 12:21:39 UTC 2026
// 重构日志: cfb964b6
// 重构日志: 4307420b
// 同步 ID: 5463ef3d @ Sat Jul 11 11:44:54 UTC 2026
// 重构日志: 5f8accb4
// 重构日志: 5a8e8799
// 重构日志: d0313916
// 重构日志: e7bfd36e
// 重构日志: e7a8735c
// 重构日志: 2dda3998
// 重构日志: bee8f51c
// 同步 ID: 896a01c5 @ Sat Jul 18 14:23:36 UTC 2026
// 重构日志: 6527aa11
// 重构日志: 640f8079
// 重构日志: 36b0822a
// 重构日志: 156424ec
// 重构日志: ae111ea4
// 重构日志: 18e151e1
// 重构日志: 9f68a79f
